2025-11-10 10:58:11 +0000  Initial pipeline context: <IDEDistributionProcessingPipelineContext: 0x13759d5a0; archive(resolved)="<IDEArchive: 0x60000e0f1a40>", distributionTask(resolved)="2", distributionDestination(resolved)="1", distributionMethod(resolved)="<IDEDistributionMethodDeveloperID: 0x600004af70c0>", team(resolved)="<IDEProvisioningDisambiguatableBasicTeam: 0x600001593880; teamID='BZZ744Q3KB', teamName='Jack Doherty', teamType='Individual', username='youcangetjack@gmail.com', isFreeProvisioningTeam='0'>">
	Chain (13, self inclusive):
	<IDEDistributionProcessingPipelineContext: 0x13759d5a0; archive = "<IDEArchive: 0x60000e0f1a40>", distributionMethod="<IDEDistributionMethodDeveloperID: 0x600004af70c0>", team="<IDEProvisioningDisambiguatableBasicTeam: 0x600001593880; teamID='BZZ744Q3KB', teamName='Jack Doherty', teamType='Individual', username='youcangetjack@gmail.com', isFreeProvisioningTeam='0'>">
	<IDEDistributionProcessingPipelineContext: 0x355de4e30; archive = "<IDEArchive: 0x60000e0f1a40>", distributionMethod="<IDEDistributionMethodDeveloperID: 0x600004af70c0>", team="<IDEProvisioningDisambiguatableBasicTeam: 0x600001593880; teamID='BZZ744Q3KB', teamName='Jack Doherty', teamType='Individual', username='youcangetjack@gmail.com', isFreeProvisioningTeam='0'>">
	<IDEDistributionContext: 0x35631f620; archive = "<IDEArchive: 0x60000e0f1a40>", distributionMethod="<IDEDistributionMethodDeveloperID: 0x600004af70c0>", team="<IDEProvisioningDisambiguatableBasicTeam: 0x600001593880; teamID='BZZ744Q3KB', teamName='Jack Doherty', teamType='Individual', username='youcangetjack@gmail.com', isFreeProvisioningTeam='0'>">
	<IDEDistributionContext: 0x3563262e0; archive = "<IDEArchive: 0x60000e0f1a40>", distributionMethod="<IDEDistributionMethodDeveloperID: 0x600004af70c0>", team="<IDEProvisioningDisambiguatableBasicTeam: 0x600001593880; teamID='BZZ744Q3KB', teamName='Jack Doherty', teamType='Individual', username='youcangetjack@gmail.com', isFreeProvisioningTeam='0'>">
	<IDEDistributionContext: 0x3336ca440; archive = "<IDEArchive: 0x60000e0f1a40>", distributionMethod="<IDEDistributionMethodDeveloperID: 0x600004af70c0>", team="<IDEProvisioningDisambiguatableBasicTeam: 0x600001593880; teamID='BZZ744Q3KB', teamName='Jack Doherty', teamType='Individual', username='youcangetjack@gmail.com', isFreeProvisioningTeam='0'>">
	<IDEDistributionContext: 0x1372ee420; archive = "<IDEArchive: 0x60000e0f1a40>", distributionMethod="<IDEDistributionMethodDeveloperID: 0x600004af70c0>", team="<IDEProvisioningDisambiguatableBasicTeam: 0x600001593880; teamID='BZZ744Q3KB', teamName='Jack Doherty', teamType='Individual', username='youcangetjack@gmail.com', isFreeProvisioningTeam='0'>">
	<IDEDistributionContext: 0x127a1c790; archive = "<IDEArchive: 0x60000e0f1a40>", distributionMethod="<IDEDistributionMethodDeveloperID: 0x600004af70c0>", team="<IDEProvisioningDisambiguatableBasicTeam: 0x600001593880; teamID='BZZ744Q3KB', teamName='Jack Doherty', teamType='Individual', username='youcangetjack@gmail.com', isFreeProvisioningTeam='0'>">
	<IDEDistributionContext: 0x13728dca0; archive = "<IDEArchive: 0x60000e0f1a40>", distributionMethod="<IDEDistributionMethodDeveloperID: 0x600004af70c0>", team="<IDEProvisioningDisambiguatableBasicTeam: 0x600001593880; teamID='BZZ744Q3KB', teamName='Jack Doherty', teamType='Individual', username='youcangetjack@gmail.com', isFreeProvisioningTeam='0'>">
	<IDEDistributionContext: 0x135f8cff0; archive = "<IDEArchive: 0x60000e0f1a40>", distributionMethod="<IDEDistributionMethodDeveloperID: 0x600004af70c0>", team="<IDEProvisioningDisambiguatableBasicTeam: 0x600001593880; teamID='BZZ744Q3KB', teamName='Jack Doherty', teamType='Individual', username='youcangetjack@gmail.com', isFreeProvisioningTeam='0'>">
	<IDEDistributionContext: 0x35631f840; archive = "<IDEArchive: 0x60000e0f1a40>", distributionMethod="<IDEDistributionMethodDeveloperID: 0x600004af70c0>", team="(null)">
	<IDEDistributionContext: 0x35632cc30; archive = "<IDEArchive: 0x60000e0f1a40>", distributionMethod="<IDEDistributionMethodDeveloperID: 0x600004af70c0>", team="(null)">
	<IDEDistributionContext: 0x329586a40; archive = "<IDEArchive: 0x60000e0f1a40>", distributionMethod="(null)", team="(null)">
	<IDEDistributionContext: 0x333661ea0; archive = "<IDEArchive: 0x60000e0f1a40>", distributionMethod="(null)", team="(null)">
</IDEDistributionProcessingPipelineContext: 0x13759d5a0>
2025-11-10 10:58:11 +0000  Processing step: IDEDistributionCreateDestRootStep
2025-11-10 10:58:11 +0000  Processing step: IDEDistributionCopyItemStep
2025-11-10 10:58:11 +0000  Running /usr/bin/ditto '-V' '/Users/jackdoherty/Library/Developer/Xcode/Archives/2025-11-10/Toss 10-11-2025, 11.57.xcarchive/Products/Applications/Toss.app' '/var/folders/mk/ggx9bm41797703wdfmql86pr0000gn/T/XcodeDistPipeline.~~~4MAPCP/Root/Applications/Toss.app'
2025-11-10 10:58:11 +0000  >>> Copying /Users/jackdoherty/Library/Developer/Xcode/Archives/2025-11-10/Toss 10-11-2025, 11.57.xcarchive/Products/Applications/Toss.app 
2025-11-10 10:58:11 +0000  copying file ./Contents/_CodeSignature/CodeResources ... 
2025-11-10 10:58:11 +0000  2960 bytes for ./Contents/_CodeSignature/CodeResources
2025-11-10 10:58:11 +0000  copying file ./Contents/MacOS/Toss ... 
2025-11-10 10:58:11 +0000  1723104 bytes for ./Contents/MacOS/Toss
2025-11-10 10:58:11 +0000  copying file ./Contents/Resources/digital-click-357350.mp3 ... 
2025-11-10 10:58:11 +0000  28421 bytes for ./Contents/Resources/digital-click-357350.mp3
2025-11-10 10:58:11 +0000  copying symlink ./Contents/Frameworks/Sparkle.framework/Resources ... 
2025-11-10 10:58:11 +0000  linked ./Contents/Frameworks/Sparkle.framework/Resources
2025-11-10 10:58:11 +0000  copying symlink ./Contents/Frameworks/Sparkle.framework/Versions/Current ... 
2025-11-10 10:58:11 +0000  linked ./Contents/Frameworks/Sparkle.framework/Versions/Current
2025-11-10 10:58:11 +0000  copying file ./Contents/Frameworks/Sparkle.framework/Versions/B/_CodeSignature/CodeResources ... 
2025-11-10 10:58:11 +0000  17524 bytes for ./Contents/Frameworks/Sparkle.framework/Versions/B/_CodeSignature/CodeResources
2025-11-10 10:58:11 +0000  copying file ./Contents/Frameworks/Sparkle.framework/Versions/B/Resources/de.lproj/Sparkle.strings ... 
2025-11-10 10:58:11 +0000  12162 bytes for ./Contents/Frameworks/Sparkle.framework/Versions/B/Resources/de.lproj/Sparkle.strings
2025-11-10 10:58:11 +0000  copying file ./Contents/Frameworks/Sparkle.framework/Versions/B/Resources/he.lproj/Sparkle.strings ... 
2025-11-10 10:58:11 +0000  10065 bytes for ./Contents/Frameworks/Sparkle.framework/Versions/B/Resources/he.lproj/Sparkle.strings
2025-11-10 10:58:11 +0000  copying file ./Contents/Frameworks/Sparkle.framework/Versions/B/Resources/ar.lproj/Sparkle.strings ... 
2025-11-10 10:58:11 +0000  3554 bytes for ./Contents/Frameworks/Sparkle.framework/Versions/B/Resources/ar.lproj/Sparkle.strings
2025-11-10 10:58:11 +0000  copying file ./Contents/Frameworks/Sparkle.framework/Versions/B/Resources/el.lproj/Sparkle.strings ... 
2025-11-10 10:58:11 +0000  5934 bytes for ./Contents/Frameworks/Sparkle.framework/Versions/B/Resources/el.lproj/Sparkle.strings
2025-11-10 10:58:11 +0000  copying file ./Contents/Frameworks/Sparkle.framework/Versions/B/Resources/ja.lproj/Sparkle.strings ... 
2025-11-10 10:58:11 +0000  9011 bytes for ./Contents/Frameworks/Sparkle.framework/Versions/B/Resources/ja.lproj/Sparkle.strings
2025-11-10 10:58:11 +0000  copying file ./Contents/Frameworks/Sparkle.framework/Versions/B/Resources/fa.lproj/Sparkle.strings ... 
2025-11-10 10:58:11 +0000  5716 bytes for ./Contents/Frameworks/Sparkle.framework/Versions/B/Resources/fa.lproj/Sparkle.strings
2025-11-10 10:58:11 +0000  copying file ./Contents/Frameworks/Sparkle.framework/Versions/B/Resources/uk.lproj/Sparkle.strings ... 
2025-11-10 10:58:11 +0000  5842 bytes for ./Contents/Frameworks/Sparkle.framework/Versions/B/Resources/uk.lproj/Sparkle.strings
2025-11-10 10:58:11 +0000  copying file ./Contents/Frameworks/Sparkle.framework/Versions/B/Resources/zh_CN.lproj/Sparkle.strings ... 
2025-11-10 10:58:11 +0000  4100 bytes for ./Contents/Frameworks/Sparkle.framework/Versions/B/Resources/zh_CN.lproj/Sparkle.strings
2025-11-10 10:58:11 +0000  copying file ./Contents/Frameworks/Sparkle.framework/Versions/B/Resources/nb.lproj/Sparkle.strings ... 
2025-11-10 10:58:11 +0000  5539 bytes for ./Contents/Frameworks/Sparkle.framework/Versions/B/Resources/nb.lproj/Sparkle.strings
2025-11-10 10:58:11 +0000  copying file ./Contents/Frameworks/Sparkle.framework/Versions/B/Resources/es.lproj/Sparkle.strings ... 
2025-11-10 10:58:11 +0000  7040 bytes for ./Contents/Frameworks/Sparkle.framework/Versions/B/Resources/es.lproj/Sparkle.strings
2025-11-10 10:58:11 +0000  copying file ./Contents/Frameworks/Sparkle.framework/Versions/B/Resources/is.lproj/Sparkle.strings ... 
2025-11-10 10:58:11 +0000  3954 bytes for ./Contents/Frameworks/Sparkle.framework/Versions/B/Resources/is.lproj/Sparkle.strings
2025-11-10 10:58:11 +0000  copying file ./Contents/Frameworks/Sparkle.framework/Versions/B/Resources/sl.lproj/Sparkle.strings ... 
2025-11-10 10:58:11 +0000  5646 bytes for ./Contents/Frameworks/Sparkle.framework/Versions/B/Resources/sl.lproj/Sparkle.strings
2025-11-10 10:58:11 +0000  copying file ./Contents/Frameworks/Sparkle.framework/Versions/B/Resources/da.lproj/Sparkle.strings ... 
2025-11-10 10:58:11 +0000  4882 bytes for ./Contents/Frameworks/Sparkle.framework/Versions/B/Resources/da.lproj/Sparkle.strings
2025-11-10 10:58:11 +0000  copying file ./Contents/Frameworks/Sparkle.framework/Versions/B/Resources/it.lproj/Sparkle.strings ... 
2025-11-10 10:58:11 +0000  11514 bytes for ./Contents/Frameworks/Sparkle.framework/Versions/B/Resources/it.lproj/Sparkle.strings
2025-11-10 10:58:11 +0000  copying file ./Contents/Frameworks/Sparkle.framework/Versions/B/Resources/sk.lproj/Sparkle.strings ... 
2025-11-10 10:58:11 +0000  5675 bytes for ./Contents/Frameworks/Sparkle.framework/Versions/B/Resources/sk.lproj/Sparkle.strings
2025-11-10 10:58:11 +0000  copying file ./Contents/Frameworks/Sparkle.framework/Versions/B/Resources/sv.lproj/Sparkle.strings ... 
2025-11-10 10:58:11 +0000  5160 bytes for ./Contents/Frameworks/Sparkle.framework/Versions/B/Resources/sv.lproj/Sparkle.strings
2025-11-10 10:58:11 +0000  copying file ./Contents/Frameworks/Sparkle.framework/Versions/B/Resources/ReleaseNotesColorStyle.css ... 
2025-11-10 10:58:11 +0000  231 bytes for ./Contents/Frameworks/Sparkle.framework/Versions/B/Resources/ReleaseNotesColorStyle.css
2025-11-10 10:58:11 +0000  copying file ./Contents/Frameworks/Sparkle.framework/Versions/B/Resources/cs.lproj/Sparkle.strings ... 
2025-11-10 10:58:11 +0000  11220 bytes for ./Contents/Frameworks/Sparkle.framework/Versions/B/Resources/cs.lproj/Sparkle.strings
2025-11-10 10:58:11 +0000  copying file ./Contents/Frameworks/Sparkle.framework/Versions/B/Resources/ko.lproj/Sparkle.strings ... 
2025-11-10 10:58:11 +0000  8103 bytes for ./Contents/Frameworks/Sparkle.framework/Versions/B/Resources/ko.lproj/Sparkle.strings
2025-11-10 10:58:11 +0000  copying file ./Contents/Frameworks/Sparkle.framework/Versions/B/Resources/Base.lproj/Sparkle.strings ... 
2025-11-10 10:58:11 +0000  5799 bytes for ./Contents/Frameworks/Sparkle.framework/Versions/B/Resources/Base.lproj/Sparkle.strings
2025-11-10 10:58:11 +0000  copying file ./Contents/Frameworks/Sparkle.framework/Versions/B/Resources/hu.lproj/Sparkle.strings ... 
2025-11-10 10:58:11 +0000  4449 bytes for ./Contents/Frameworks/Sparkle.framework/Versions/B/Resources/hu.lproj/Sparkle.strings
2025-11-10 10:58:11 +0000  copying file ./Contents/Frameworks/Sparkle.framework/Versions/B/Resources/zh_HK.lproj/Sparkle.strings ... 
2025-11-10 10:58:11 +0000  6711 bytes for ./Contents/Frameworks/Sparkle.framework/Versions/B/Resources/zh_HK.lproj/Sparkle.strings
2025-11-10 10:58:11 +0000  copying file ./Contents/Frameworks/Sparkle.framework/Versions/B/Resources/tr.lproj/Sparkle.strings ... 
2025-11-10 10:58:11 +0000  6183 bytes for ./Contents/Frameworks/Sparkle.framework/Versions/B/Resources/tr.lproj/Sparkle.strings
2025-11-10 10:58:11 +0000  copying file ./Contents/Frameworks/Sparkle.framework/Versions/B/Resources/pl.lproj/Sparkle.strings ... 
2025-11-10 10:58:11 +0000  5453 bytes for ./Contents/Frameworks/Sparkle.framework/Versions/B/Resources/pl.lproj/Sparkle.strings
2025-11-10 10:58:11 +0000  copying file ./Contents/Frameworks/Sparkle.framework/Versions/B/Resources/zh_TW.lproj/Sparkle.strings ... 
2025-11-10 10:58:11 +0000  6889 bytes for ./Contents/Frameworks/Sparkle.framework/Versions/B/Resources/zh_TW.lproj/Sparkle.strings
2025-11-10 10:58:11 +0000  copying file ./Contents/Frameworks/Sparkle.framework/Versions/B/Resources/pt-BR.lproj/Sparkle.strings ... 
2025-11-10 10:58:11 +0000  10452 bytes for ./Contents/Frameworks/Sparkle.framework/Versions/B/Resources/pt-BR.lproj/Sparkle.strings
2025-11-10 10:58:11 +0000  copying file ./Contents/Frameworks/Sparkle.framework/Versions/B/Resources/ru.lproj/Sparkle.strings ... 
2025-11-10 10:58:11 +0000  5784 bytes for ./Contents/Frameworks/Sparkle.framework/Versions/B/Resources/ru.lproj/Sparkle.strings
2025-11-10 10:58:11 +0000  copying file ./Contents/Frameworks/Sparkle.framework/Versions/B/Resources/SUUpdatePermissionPrompt.nib/keyedobjects-110000.nib ... 
2025-11-10 10:58:11 +0000  25365 bytes for ./Contents/Frameworks/Sparkle.framework/Versions/B/Resources/SUUpdatePermissionPrompt.nib/keyedobjects-110000.nib
2025-11-10 10:58:11 +0000  copying file ./Contents/Frameworks/Sparkle.framework/Versions/B/Resources/SUUpdatePermissionPrompt.nib/keyedobjects-101300.nib ... 
2025-11-10 10:58:11 +0000  25388 bytes for ./Contents/Frameworks/Sparkle.framework/Versions/B/Resources/SUUpdatePermissionPrompt.nib/keyedobjects-101300.nib
2025-11-10 10:58:11 +0000  copying file ./Contents/Frameworks/Sparkle.framework/Versions/B/Resources/SUStatus.nib ... 
2025-11-10 10:58:11 +0000  13047 bytes for ./Contents/Frameworks/Sparkle.framework/Versions/B/Resources/SUStatus.nib
2025-11-10 10:58:11 +0000  copying file ./Contents/Frameworks/Sparkle.framework/Versions/B/Resources/SUUpdateAlert.nib ... 
2025-11-10 10:58:11 +0000  18461 bytes for ./Contents/Frameworks/Sparkle.framework/Versions/B/Resources/SUUpdateAlert.nib
2025-11-10 10:58:11 +0000  copying file ./Contents/Frameworks/Sparkle.framework/Versions/B/Resources/fr.lproj/Sparkle.strings ... 
2025-11-10 10:58:11 +0000  7855 bytes for ./Contents/Frameworks/Sparkle.framework/Versions/B/Resources/fr.lproj/Sparkle.strings
2025-11-10 10:58:11 +0000  copying file ./Contents/Frameworks/Sparkle.framework/Versions/B/Resources/fi.lproj/Sparkle.strings ... 
2025-11-10 10:58:11 +0000  3252 bytes for ./Contents/Frameworks/Sparkle.framework/Versions/B/Resources/fi.lproj/Sparkle.strings
2025-11-10 10:58:11 +0000  copying file ./Contents/Frameworks/Sparkle.framework/Versions/B/Resources/nl.lproj/Sparkle.strings ... 
2025-11-10 10:58:11 +0000  9899 bytes for ./Contents/Frameworks/Sparkle.framework/Versions/B/Resources/nl.lproj/Sparkle.strings
2025-11-10 10:58:11 +0000  copying file ./Contents/Frameworks/Sparkle.framework/Versions/B/Resources/th.lproj/Sparkle.strings ... 
2025-11-10 10:58:11 +0000  5339 bytes for ./Contents/Frameworks/Sparkle.framework/Versions/B/Resources/th.lproj/Sparkle.strings
2025-11-10 10:58:11 +0000  copying file ./Contents/Frameworks/Sparkle.framework/Versions/B/Resources/nn.lproj/Sparkle.strings ... 
2025-11-10 10:58:11 +0000  5671 bytes for ./Contents/Frameworks/Sparkle.framework/Versions/B/Resources/nn.lproj/Sparkle.strings
2025-11-10 10:58:11 +0000  copying file ./Contents/Frameworks/Sparkle.framework/Versions/B/Resources/pt-PT.lproj/Sparkle.strings ... 
2025-11-10 10:58:11 +0000  5984 bytes for ./Contents/Frameworks/Sparkle.framework/Versions/B/Resources/pt-PT.lproj/Sparkle.strings
2025-11-10 10:58:11 +0000  copying file ./Contents/Frameworks/Sparkle.framework/Versions/B/Resources/ro.lproj/Sparkle.strings ... 
2025-11-10 10:58:11 +0000  6115 bytes for ./Contents/Frameworks/Sparkle.framework/Versions/B/Resources/ro.lproj/Sparkle.strings
2025-11-10 10:58:11 +0000  copying file ./Contents/Frameworks/Sparkle.framework/Versions/B/Resources/Info.plist ... 
2025-11-10 10:58:11 +0000  1339 bytes for ./Contents/Frameworks/Sparkle.framework/Versions/B/Resources/Info.plist
2025-11-10 10:58:11 +0000  copying file ./Contents/Frameworks/Sparkle.framework/Versions/B/Resources/hr.lproj/Sparkle.strings ... 
2025-11-10 10:58:11 +0000  6367 bytes for ./Contents/Frameworks/Sparkle.framework/Versions/B/Resources/hr.lproj/Sparkle.strings
2025-11-10 10:58:11 +0000  copying file ./Contents/Frameworks/Sparkle.framework/Versions/B/Resources/ca.lproj/Sparkle.strings ... 
2025-11-10 10:58:11 +0000  3501 bytes for ./Contents/Frameworks/Sparkle.framework/Versions/B/Resources/ca.lproj/Sparkle.strings
2025-11-10 10:58:11 +0000  copying file ./Contents/Frameworks/Sparkle.framework/Versions/B/Autoupdate ... 
2025-11-10 10:58:11 +0000  694928 bytes for ./Contents/Frameworks/Sparkle.framework/Versions/B/Autoupdate
2025-11-10 10:58:11 +0000  copying file ./Contents/Frameworks/Sparkle.framework/Versions/B/Updater.app/Contents/_CodeSignature/CodeResources ... 
2025-11-10 10:58:11 +0000  2446 bytes for ./Contents/Frameworks/Sparkle.framework/Versions/B/Updater.app/Contents/_CodeSignature/CodeResources
2025-11-10 10:58:11 +0000  copying file ./Contents/Frameworks/Sparkle.framework/Versions/B/Updater.app/Contents/MacOS/Updater ... 
2025-11-10 10:58:11 +0000  274752 bytes for ./Contents/Frameworks/Sparkle.framework/Versions/B/Updater.app/Contents/MacOS/Updater
2025-11-10 10:58:11 +0000  copying file ./Contents/Frameworks/Sparkle.framework/Versions/B/Updater.app/Contents/Resources/SUStatus.nib ... 
2025-11-10 10:58:11 +0000  13047 bytes for ./Contents/Frameworks/Sparkle.framework/Versions/B/Updater.app/Contents/Resources/SUStatus.nib
2025-11-10 10:58:11 +0000  copying file ./Contents/Frameworks/Sparkle.framework/Versions/B/Updater.app/Contents/Info.plist ... 
2025-11-10 10:58:11 +0000  2376 bytes for ./Contents/Frameworks/Sparkle.framework/Versions/B/Updater.app/Contents/Info.plist
2025-11-10 10:58:11 +0000  copying file ./Contents/Frameworks/Sparkle.framework/Versions/B/Updater.app/Contents/PkgInfo ... 
2025-11-10 10:58:11 +0000  8 bytes for ./Contents/Frameworks/Sparkle.framework/Versions/B/Updater.app/Contents/PkgInfo
2025-11-10 10:58:11 +0000  copying file ./Contents/Frameworks/Sparkle.framework/Versions/B/XPCServices/Downloader.xpc/Contents/_CodeSignature/CodeResources ... 
2025-11-10 10:58:11 +0000  2200 bytes for ./Contents/Frameworks/Sparkle.framework/Versions/B/XPCServices/Downloader.xpc/Contents/_CodeSignature/CodeResources
2025-11-10 10:58:11 +0000  copying file ./Contents/Frameworks/Sparkle.framework/Versions/B/XPCServices/Downloader.xpc/Contents/MacOS/Downloader ... 
2025-11-10 10:58:11 +0000  172192 bytes for ./Contents/Frameworks/Sparkle.framework/Versions/B/XPCServices/Downloader.xpc/Contents/MacOS/Downloader
2025-11-10 10:58:11 +0000  copying file ./Contents/Frameworks/Sparkle.framework/Versions/B/XPCServices/Downloader.xpc/Contents/Info.plist ... 
2025-11-10 10:58:11 +0000  1715 bytes for ./Contents/Frameworks/Sparkle.framework/Versions/B/XPCServices/Downloader.xpc/Contents/Info.plist
2025-11-10 10:58:11 +0000  copying file ./Contents/Frameworks/Sparkle.framework/Versions/B/XPCServices/Installer.xpc/Contents/_CodeSignature/CodeResources ... 
2025-11-10 10:58:11 +0000  2200 bytes for ./Contents/Frameworks/Sparkle.framework/Versions/B/XPCServices/Installer.xpc/Contents/_CodeSignature/CodeResources
2025-11-10 10:58:11 +0000  copying file ./Contents/Frameworks/Sparkle.framework/Versions/B/XPCServices/Installer.xpc/Contents/MacOS/Installer ... 
2025-11-10 10:58:11 +0000  223936 bytes for ./Contents/Frameworks/Sparkle.framework/Versions/B/XPCServices/Installer.xpc/Contents/MacOS/Installer
2025-11-10 10:58:11 +0000  copying file ./Contents/Frameworks/Sparkle.framework/Versions/B/XPCServices/Installer.xpc/Contents/Info.plist ... 
2025-11-10 10:58:11 +0000  1603 bytes for ./Contents/Frameworks/Sparkle.framework/Versions/B/XPCServices/Installer.xpc/Contents/Info.plist
2025-11-10 10:58:11 +0000  copying file ./Contents/Frameworks/Sparkle.framework/Versions/B/Sparkle ... 
2025-11-10 10:58:11 +0000  862896 bytes for ./Contents/Frameworks/Sparkle.framework/Versions/B/Sparkle
2025-11-10 10:58:11 +0000  copying symlink ./Contents/Frameworks/Sparkle.framework/Autoupdate ... 
2025-11-10 10:58:11 +0000  linked ./Contents/Frameworks/Sparkle.framework/Autoupdate
copying symlink ./Contents/Frameworks/Sparkle.framework/Updater.app ... 
2025-11-10 10:58:11 +0000  linked ./Contents/Frameworks/Sparkle.framework/Updater.app
copying symlink ./Contents/Frameworks/Sparkle.framework/XPCServices ... 
2025-11-10 10:58:11 +0000  linked ./Contents/Frameworks/Sparkle.framework/XPCServices
2025-11-10 10:58:11 +0000  copying symlink ./Contents/Frameworks/Sparkle.framework/Sparkle ... 
2025-11-10 10:58:11 +0000  linked ./Contents/Frameworks/Sparkle.framework/Sparkle
2025-11-10 10:58:11 +0000  copying file ./Contents/Info.plist ... 
2025-11-10 10:58:11 +0000  1415 bytes for ./Contents/Info.plist
2025-11-10 10:58:11 +0000  copying file ./Contents/PkgInfo ... 
2025-11-10 10:58:11 +0000  8 bytes for ./Contents/PkgInfo
2025-11-10 10:58:11 +0000  /usr/bin/ditto exited with 0
2025-11-10 10:58:11 +0000  Processing step: IDEDistributionEmbedProfileStep
2025-11-10 10:58:11 +0000  Skipping profile for item: <IDEDistributionItem: 0x600012dbf7e0; bundleID='org.sparkle-project.DownloaderService', path='<DVTFilePath:0x600012c7fd80:'/Users/jackdoherty/Library/Developer/Xcode/Archives/2025-11-10/Toss 10-11-2025, 11.57.xcarchive/Products/Applications/Toss.app/Contents/Frameworks/Sparkle.framework/Versions/B/XPCServices/Downloader.xpc'>', codeSigningInfo='<_DVTCodeSigningInformation_Path: 0x6000129c19f0; isSigned='1', isAdHocSigned='1', signingCertificate='(null)', entitlements='{
}', teamID='(null)', identifier='org.sparkle-project.DownloaderService', executablePath='<DVTFilePath:0x600012c7d080:'/Users/jackdoherty/Library/Developer/Xcode/Archives/2025-11-10/Toss 10-11-2025, 11.57.xcarchive/Products/Applications/Toss.app/Contents/Frameworks/Sparkle.framework/Versions/B/XPCServices/Downloader.xpc/Contents/MacOS/Downloader'>', hardenedRuntime='1'>'>
2025-11-10 10:58:11 +0000  Skipping profile for item: <IDEDistributionItem: 0x600012da0300; bundleID='org.sparkle-project.InstallerLauncher', path='<DVTFilePath:0x600012c7e9a0:'/Users/jackdoherty/Library/Developer/Xcode/Archives/2025-11-10/Toss 10-11-2025, 11.57.xcarchive/Products/Applications/Toss.app/Contents/Frameworks/Sparkle.framework/Versions/B/XPCServices/Installer.xpc'>', codeSigningInfo='<_DVTCodeSigningInformation_Path: 0x6000129c3b10; isSigned='1', isAdHocSigned='1', signingCertificate='(null)', entitlements='{
}', teamID='(null)', identifier='org.sparkle-project.InstallerLauncher', executablePath='<DVTFilePath:0x600012c5bd20:'/Users/jackdoherty/Library/Developer/Xcode/Archives/2025-11-10/Toss 10-11-2025, 11.57.xcarchive/Products/Applications/Toss.app/Contents/Frameworks/Sparkle.framework/Versions/B/XPCServices/Installer.xpc/Contents/MacOS/Installer'>', hardenedRuntime='1'>'>
2025-11-10 10:58:11 +0000  Skipping profile for item: <IDEDistributionItem: 0x600012da0720; bundleID='(null)', path='<DVTFilePath:0x600012c68a80:'/Users/jackdoherty/Library/Developer/Xcode/Archives/2025-11-10/Toss 10-11-2025, 11.57.xcarchive/Products/Applications/Toss.app/Contents/Frameworks/Sparkle.framework/Versions/B/Autoupdate'>', codeSigningInfo='<_DVTCodeSigningInformation_Path: 0x6000129e81e0; isSigned='1', isAdHocSigned='1', signingCertificate='(null)', entitlements='{
    "com.apple.application-identifier" = "org.sparkle-project.Sparkle.Autoupdate";
}', teamID='(null)', identifier='Autoupdate-5555494459251b2ebc0232c783a3e31c4a4e4056', executablePath='<DVTFilePath:0x600012c68a80:'/Users/jackdoherty/Library/Developer/Xcode/Archives/2025-11-10/Toss 10-11-2025, 11.57.xcarchive/Products/Applications/Toss.app/Contents/Frameworks/Sparkle.framework/Versions/B/Autoupdate'>', hardenedRuntime='1'>'>
2025-11-10 10:58:11 +0000  Skipping profile for item: <IDEDistributionItem: 0x600012dbff00; bundleID='org.sparkle-project.Sparkle.Updater', path='<DVTFilePath:0x600012c6b9c0:'/Users/jackdoherty/Library/Developer/Xcode/Archives/2025-11-10/Toss 10-11-2025, 11.57.xcarchive/Products/Applications/Toss.app/Contents/Frameworks/Sparkle.framework/Versions/B/Updater.app'>', codeSigningInfo='<_DVTCodeSigningInformation_Path: 0x6000129c0550; isSigned='1', isAdHocSigned='1', signingCertificate='(null)', entitlements='{
}', teamID='(null)', identifier='org.sparkle-project.Sparkle.Updater', executablePath='<DVTFilePath:0x600012c687e0:'/Users/jackdoherty/Library/Developer/Xcode/Archives/2025-11-10/Toss 10-11-2025, 11.57.xcarchive/Products/Applications/Toss.app/Contents/Frameworks/Sparkle.framework/Versions/B/Updater.app/Contents/MacOS/Updater'>', hardenedRuntime='1'>'>
2025-11-10 10:58:11 +0000  Skipping profile for item: <IDEDistributionItem: 0x600012dbe580; bundleID='org.sparkle-project.Sparkle', path='<DVTFilePath:0x60000eded8c0:'/Users/jackdoherty/Library/Developer/Xcode/Archives/2025-11-10/Toss 10-11-2025, 11.57.xcarchive/Products/Applications/Toss.app/Contents/Frameworks/Sparkle.framework/Versions/B'>', codeSigningInfo='<_DVTCodeSigningInformation_Path: 0x6000129c0eb0; isSigned='1', isAdHocSigned='0', signingCertificate='<DVTSigningCertificate: 0x600007d68b40; name='Developer ID Application: Jack Doherty (BZZ744Q3KB)', hash='2F39108836C7D68B9317DDB755A96B77A99E6D47', serialNumber='445B247FF36BF205', certificateKinds='(
    "1.2.840.113635.100.6.1.13"
), issueDate='2025-11-06 11:41:29 +0000''>', entitlements='(null)', teamID='BZZ744Q3KB', identifier='org.sparkle-project.Sparkle', executablePath='<DVTFilePath:0x600012c6b000:'/Users/jackdoherty/Library/Developer/Xcode/Archives/2025-11-10/Toss 10-11-2025, 11.57.xcarchive/Products/Applications/Toss.app/Contents/Frameworks/Sparkle.framework/Versions/B/Sparkle'>', hardenedRuntime='1'>'>
2025-11-10 10:58:11 +0000  Skipping profile for item: <IDEDistributionItem: 0x600012d80c60; bundleID='ai.jack.Toss', path='<DVTFilePath:0x600012c68000:'/Users/jackdoherty/Library/Developer/Xcode/Archives/2025-11-10/Toss 10-11-2025, 11.57.xcarchive/Products/Applications/Toss.app'>', codeSigningInfo='<_DVTCodeSigningInformation_Path: 0x6000129c10e0; isSigned='1', isAdHocSigned='0', signingCertificate='<DVTSigningCertificate: 0x600007d68900; name='Developer ID Application: Jack Doherty (BZZ744Q3KB)', hash='2F39108836C7D68B9317DDB755A96B77A99E6D47', serialNumber='445B247FF36BF205', certificateKinds='(
    "1.2.840.113635.100.6.1.13"
), issueDate='2025-11-06 11:41:29 +0000''>', entitlements='{
    "com.apple.security.cs.disable-library-validation" = 1;
    "com.apple.security.device.audio-input" = 1;
}', teamID='BZZ744Q3KB', identifier='ai.jack.Toss', executablePath='<DVTFilePath:0x600012c48a80:'/Users/jackdoherty/Library/Developer/Xcode/Archives/2025-11-10/Toss 10-11-2025, 11.57.xcarchive/Products/Applications/Toss.app/Contents/MacOS/Toss'>', hardenedRuntime='1'>'>
2025-11-10 10:58:11 +0000  Processing step: IDEDistributionInfoPlistStep
2025-11-10 10:58:11 +0000  Skipping step: IDEDistributionInfoPlistStep because it said so
2025-11-10 10:58:11 +0000  Skipping step: IDEDistributionInfoPlistStep because it said so
2025-11-10 10:58:11 +0000  Skipping step: IDEDistributionInfoPlistStep because it said so
2025-11-10 10:58:11 +0000  Skipping step: IDEDistributionInfoPlistStep because it said so
2025-11-10 10:58:11 +0000  Skipping step: IDEDistributionInfoPlistStep because it said so
2025-11-10 10:58:11 +0000  Skipping step: IDEDistributionInfoPlistStep because it said so
2025-11-10 10:58:11 +0000  Processing step: IDEDistributionAppThinningPlistStep
2025-11-10 10:58:11 +0000  Processing step: IDEDistributionSymbolsStep
2025-11-10 10:58:11 +0000  Skipping step: IDEDistributionSymbolsStep because it said so
2025-11-10 10:58:11 +0000  Processing step: IDEDistributionAppThinningStep
2025-11-10 10:58:11 +0000  Skipping step: IDEDistributionAppThinningStep because it said so
2025-11-10 10:58:11 +0000  Processing step: IDEDistributionArchThinningStep
2025-11-10 10:58:11 +0000  Item /Users/jackdoherty/Library/Developer/Xcode/Archives/2025-11-10/Toss 10-11-2025, 11.57.xcarchive/Products/Applications/Toss.app/Contents/Frameworks/Sparkle.framework/Versions/B/XPCServices/Downloader.xpc doesn't have the entitlement com.apple.developer.web-browser-engine.host enabled, returning ["arm64e"]
2025-11-10 10:58:11 +0000  Archs to thin for item /Users/jackdoherty/Library/Developer/Xcode/Archives/2025-11-10/Toss 10-11-2025, 11.57.xcarchive/Products/Applications/Toss.app/Contents/Frameworks/Sparkle.framework/Versions/B/XPCServices/Downloader.xpc are ["arm64e"]
2025-11-10 10:58:11 +0000  Running /Applications/Xcode.app/Contents/Developer/Toolchains/XcodeDefault.xctoolchain/usr/bin/lipo '/var/folders/mk/ggx9bm41797703wdfmql86pr0000gn/T/XcodeDistPipeline.~~~4MAPCP/Root/Applications/Toss.app/Contents/Frameworks/Sparkle.framework/Versions/B/XPCServices/Downloader.xpc/Contents/MacOS/Downloader' '-verify_arch' 'arm64e'
2025-11-10 10:58:11 +0000  /Applications/Xcode.app/Contents/Developer/Toolchains/XcodeDefault.xctoolchain/usr/bin/lipo exited with 1
2025-11-10 10:58:11 +0000  Skipping architecture thinning for item "Downloader" because arch "arm64e" wasn't found
2025-11-10 10:58:11 +0000  Item /Users/jackdoherty/Library/Developer/Xcode/Archives/2025-11-10/Toss 10-11-2025, 11.57.xcarchive/Products/Applications/Toss.app/Contents/Frameworks/Sparkle.framework/Versions/B/XPCServices/Installer.xpc doesn't have the entitlement com.apple.developer.web-browser-engine.host enabled, returning ["arm64e"]
2025-11-10 10:58:11 +0000  Archs to thin for item /Users/jackdoherty/Library/Developer/Xcode/Archives/2025-11-10/Toss 10-11-2025, 11.57.xcarchive/Products/Applications/Toss.app/Contents/Frameworks/Sparkle.framework/Versions/B/XPCServices/Installer.xpc are ["arm64e"]
2025-11-10 10:58:11 +0000  Running /Applications/Xcode.app/Contents/Developer/Toolchains/XcodeDefault.xctoolchain/usr/bin/lipo '/var/folders/mk/ggx9bm41797703wdfmql86pr0000gn/T/XcodeDistPipeline.~~~4MAPCP/Root/Applications/Toss.app/Contents/Frameworks/Sparkle.framework/Versions/B/XPCServices/Installer.xpc/Contents/MacOS/Installer' '-verify_arch' 'arm64e'
2025-11-10 10:58:11 +0000  /Applications/Xcode.app/Contents/Developer/Toolchains/XcodeDefault.xctoolchain/usr/bin/lipo exited with 1
2025-11-10 10:58:11 +0000  Skipping architecture thinning for item "Installer" because arch "arm64e" wasn't found
2025-11-10 10:58:11 +0000  Item /Users/jackdoherty/Library/Developer/Xcode/Archives/2025-11-10/Toss 10-11-2025, 11.57.xcarchive/Products/Applications/Toss.app/Contents/Frameworks/Sparkle.framework/Versions/B/Autoupdate doesn't have the entitlement com.apple.developer.web-browser-engine.host enabled, returning ["arm64e"]
2025-11-10 10:58:11 +0000  Archs to thin for item /Users/jackdoherty/Library/Developer/Xcode/Archives/2025-11-10/Toss 10-11-2025, 11.57.xcarchive/Products/Applications/Toss.app/Contents/Frameworks/Sparkle.framework/Versions/B/Autoupdate are ["arm64e"]
2025-11-10 10:58:11 +0000  Running /Applications/Xcode.app/Contents/Developer/Toolchains/XcodeDefault.xctoolchain/usr/bin/lipo '/var/folders/mk/ggx9bm41797703wdfmql86pr0000gn/T/XcodeDistPipeline.~~~4MAPCP/Root/Applications/Toss.app/Contents/Frameworks/Sparkle.framework/Versions/B/Autoupdate' '-verify_arch' 'arm64e'
2025-11-10 10:58:11 +0000  /Applications/Xcode.app/Contents/Developer/Toolchains/XcodeDefault.xctoolchain/usr/bin/lipo exited with 1
2025-11-10 10:58:11 +0000  Skipping architecture thinning for item "Autoupdate" because arch "arm64e" wasn't found
2025-11-10 10:58:11 +0000  Item /Users/jackdoherty/Library/Developer/Xcode/Archives/2025-11-10/Toss 10-11-2025, 11.57.xcarchive/Products/Applications/Toss.app/Contents/Frameworks/Sparkle.framework/Versions/B/Updater.app doesn't have the entitlement com.apple.developer.web-browser-engine.host enabled, returning ["arm64e"]
2025-11-10 10:58:11 +0000  Archs to thin for item /Users/jackdoherty/Library/Developer/Xcode/Archives/2025-11-10/Toss 10-11-2025, 11.57.xcarchive/Products/Applications/Toss.app/Contents/Frameworks/Sparkle.framework/Versions/B/Updater.app are ["arm64e"]
2025-11-10 10:58:11 +0000  Running /Applications/Xcode.app/Contents/Developer/Toolchains/XcodeDefault.xctoolchain/usr/bin/lipo '/var/folders/mk/ggx9bm41797703wdfmql86pr0000gn/T/XcodeDistPipeline.~~~4MAPCP/Root/Applications/Toss.app/Contents/Frameworks/Sparkle.framework/Versions/B/Updater.app/Contents/MacOS/Updater' '-verify_arch' 'arm64e'
2025-11-10 10:58:11 +0000  /Applications/Xcode.app/Contents/Developer/Toolchains/XcodeDefault.xctoolchain/usr/bin/lipo exited with 1
2025-11-10 10:58:11 +0000  Skipping architecture thinning for item "Updater" because arch "arm64e" wasn't found
2025-11-10 10:58:11 +0000  Item /Users/jackdoherty/Library/Developer/Xcode/Archives/2025-11-10/Toss 10-11-2025, 11.57.xcarchive/Products/Applications/Toss.app/Contents/Frameworks/Sparkle.framework/Versions/B doesn't have the entitlement com.apple.developer.web-browser-engine.host enabled, returning ["arm64e"]
2025-11-10 10:58:11 +0000  Archs to thin for item /Users/jackdoherty/Library/Developer/Xcode/Archives/2025-11-10/Toss 10-11-2025, 11.57.xcarchive/Products/Applications/Toss.app/Contents/Frameworks/Sparkle.framework/Versions/B are ["arm64e"]
2025-11-10 10:58:11 +0000  Running /Applications/Xcode.app/Contents/Developer/Toolchains/XcodeDefault.xctoolchain/usr/bin/lipo '/var/folders/mk/ggx9bm41797703wdfmql86pr0000gn/T/XcodeDistPipeline.~~~4MAPCP/Root/Applications/Toss.app/Contents/Frameworks/Sparkle.framework/Versions/B/Sparkle' '-verify_arch' 'arm64e'
2025-11-10 10:58:11 +0000  /Applications/Xcode.app/Contents/Developer/Toolchains/XcodeDefault.xctoolchain/usr/bin/lipo exited with 1
2025-11-10 10:58:11 +0000  Skipping architecture thinning for item "Sparkle" because arch "arm64e" wasn't found
2025-11-10 10:58:11 +0000  Item /Users/jackdoherty/Library/Developer/Xcode/Archives/2025-11-10/Toss 10-11-2025, 11.57.xcarchive/Products/Applications/Toss.app doesn't have the entitlement com.apple.developer.web-browser-engine.host enabled, returning ["arm64e"]
2025-11-10 10:58:11 +0000  Archs to thin for item /Users/jackdoherty/Library/Developer/Xcode/Archives/2025-11-10/Toss 10-11-2025, 11.57.xcarchive/Products/Applications/Toss.app are ["arm64e"]
2025-11-10 10:58:11 +0000  Running /Applications/Xcode.app/Contents/Developer/Toolchains/XcodeDefault.xctoolchain/usr/bin/lipo '/var/folders/mk/ggx9bm41797703wdfmql86pr0000gn/T/XcodeDistPipeline.~~~4MAPCP/Root/Applications/Toss.app/Contents/MacOS/Toss' '-verify_arch' 'arm64e'
2025-11-10 10:58:11 +0000  /Applications/Xcode.app/Contents/Developer/Toolchains/XcodeDefault.xctoolchain/usr/bin/lipo exited with 1
2025-11-10 10:58:11 +0000  Skipping architecture thinning for item "Toss" because arch "arm64e" wasn't found
2025-11-10 10:58:11 +0000  Processing step: IDEDistributionODRStep
2025-11-10 10:58:11 +0000  Processing step: IDEDistributionStripXattrsStep
2025-11-10 10:58:11 +0000  Skipping stripping extended attributes because the codesign step will strip them.
2025-11-10 10:58:11 +0000  Skipping stripping extended attributes because the codesign step will strip them.
2025-11-10 10:58:11 +0000  Skipping stripping extended attributes because the codesign step will strip them.
2025-11-10 10:58:11 +0000  Skipping stripping extended attributes because the codesign step will strip them.
2025-11-10 10:58:11 +0000  Skipping stripping extended attributes because the codesign step will strip them.
2025-11-10 10:58:11 +0000  Skipping stripping extended attributes because the codesign step will strip them.
2025-11-10 10:58:11 +0000  Processing step: IDEDistributionCodesignStep
2025-11-10 10:58:11 +0000  Entitlements for <IDEDistributionItem: 0x600012dbf7e0; bundleID='org.sparkle-project.DownloaderService', path='<DVTFilePath:0x600012c7fd80:'/Users/jackdoherty/Library/Developer/Xcode/Archives/2025-11-10/Toss 10-11-2025, 11.57.xcarchive/Products/Applications/Toss.app/Contents/Frameworks/Sparkle.framework/Versions/B/XPCServices/Downloader.xpc'>', codeSigningInfo='<_DVTCodeSigningInformation_Path: 0x6000129c19f0; isSigned='1', isAdHocSigned='1', signingCertificate='(null)', entitlements='{
}', teamID='(null)', identifier='org.sparkle-project.DownloaderService', executablePath='<DVTFilePath:0x600012c7d080:'/Users/jackdoherty/Library/Developer/Xcode/Archives/2025-11-10/Toss 10-11-2025, 11.57.xcarchive/Products/Applications/Toss.app/Contents/Frameworks/Sparkle.framework/Versions/B/XPCServices/Downloader.xpc/Contents/MacOS/Downloader'>', hardenedRuntime='1'>'>: {
}
2025-11-10 10:58:11 +0000  Associated App Clip Identifiers Filter: Skipping because "com.apple.developer.associated-appclip-app-identifiers" is not present
2025-11-10 10:58:11 +0000  Entitlements for <IDEDistributionItem: 0x600012dbf7e0; bundleID='org.sparkle-project.DownloaderService', path='<DVTFilePath:0x600012c7fd80:'/Users/jackdoherty/Library/Developer/Xcode/Archives/2025-11-10/Toss 10-11-2025, 11.57.xcarchive/Products/Applications/Toss.app/Contents/Frameworks/Sparkle.framework/Versions/B/XPCServices/Downloader.xpc'>', codeSigningInfo='<_DVTCodeSigningInformation_Path: 0x6000129c19f0; isSigned='1', isAdHocSigned='1', signingCertificate='(null)', entitlements='{
}', teamID='(null)', identifier='org.sparkle-project.DownloaderService', executablePath='<DVTFilePath:0x600012c7d080:'/Users/jackdoherty/Library/Developer/Xcode/Archives/2025-11-10/Toss 10-11-2025, 11.57.xcarchive/Products/Applications/Toss.app/Contents/Frameworks/Sparkle.framework/Versions/B/XPCServices/Downloader.xpc/Contents/MacOS/Downloader'>', hardenedRuntime='1'>'> are: {
}
2025-11-10 10:58:11 +0000  Writing entitlements for <IDEDistributionItem: 0x600012dbf7e0; bundleID='org.sparkle-project.DownloaderService', path='<DVTFilePath:0x600012c7fd80:'/Users/jackdoherty/Library/Developer/Xcode/Archives/2025-11-10/Toss 10-11-2025, 11.57.xcarchive/Products/Applications/Toss.app/Contents/Frameworks/Sparkle.framework/Versions/B/XPCServices/Downloader.xpc'>', codeSigningInfo='<_DVTCodeSigningInformation_Path: 0x6000129c19f0; isSigned='1', isAdHocSigned='1', signingCertificate='(null)', entitlements='{
}', teamID='(null)', identifier='org.sparkle-project.DownloaderService', executablePath='<DVTFilePath:0x600012c7d080:'/Users/jackdoherty/Library/Developer/Xcode/Archives/2025-11-10/Toss 10-11-2025, 11.57.xcarchive/Products/Applications/Toss.app/Contents/Frameworks/Sparkle.framework/Versions/B/XPCServices/Downloader.xpc/Contents/MacOS/Downloader'>', hardenedRuntime='1'>'> to: /var/folders/mk/ggx9bm41797703wdfmql86pr0000gn/T/XcodeDistPipeline.~~~4MAPCP/entitlements~~~FVPIZP
2025-11-10 10:58:11 +0000  invoking codesign: <NSConcreteTask: 0x6000129c32a0; launchPath='/usr/bin/codesign', arguments='(
    "-f",
    "-s",
    2F39108836C7D68B9317DDB755A96B77A99E6D47,
    "--entitlements",
    "/var/folders/mk/ggx9bm41797703wdfmql86pr0000gn/T/XcodeDistPipeline.~~~4MAPCP/entitlements~~~FVPIZP",
    "--requirements",
    "=designated => anchor apple generic  and identifier \"$self.identifier\" and ((cert leaf[field.1.2.840.113635.100.6.1.9] exists) or ( certificate 1[field.1.2.840.113635.100.6.2.6] exists and certificate leaf[field.1.2.840.113635.100.6.1.13] exists  and certificate leaf[subject.OU] = \"BZZ744Q3KB\" ))",
    "--preserve-metadata=identifier,flags,runtime",
    "--generate-entitlement-der",
    "--strip-disallowed-xattrs",
    "-vvv",
    "/var/folders/mk/ggx9bm41797703wdfmql86pr0000gn/T/XcodeDistPipeline.~~~4MAPCP/Root/Applications/Toss.app/Contents/Frameworks/Sparkle.framework/Versions/B/XPCServices/Downloader.xpc"
)'>
2025-11-10 10:58:12 +0000  codesign output: /var/folders/mk/ggx9bm41797703wdfmql86pr0000gn/T/XcodeDistPipeline.~~~4MAPCP/Root/Applications/Toss.app/Contents/Frameworks/Sparkle.framework/Versions/B/XPCServices/Downloader.xpc: replacing existing signature
/var/folders/mk/ggx9bm41797703wdfmql86pr0000gn/T/XcodeDistPipeline.~~~4MAPCP/Root/Applications/Toss.app/Contents/Frameworks/Sparkle.framework/Versions/B/XPCServices/Downloader.xpc: signed bundle with Mach-O universal (x86_64 arm64) [org.sparkle-project.DownloaderService]
2025-11-10 10:58:12 +0000  Entitlements for <IDEDistributionItem: 0x600012da0300; bundleID='org.sparkle-project.InstallerLauncher', path='<DVTFilePath:0x600012c7e9a0:'/Users/jackdoherty/Library/Developer/Xcode/Archives/2025-11-10/Toss 10-11-2025, 11.57.xcarchive/Products/Applications/Toss.app/Contents/Frameworks/Sparkle.framework/Versions/B/XPCServices/Installer.xpc'>', codeSigningInfo='<_DVTCodeSigningInformation_Path: 0x6000129c3b10; isSigned='1', isAdHocSigned='1', signingCertificate='(null)', entitlements='{
}', teamID='(null)', identifier='org.sparkle-project.InstallerLauncher', executablePath='<DVTFilePath:0x600012c5bd20:'/Users/jackdoherty/Library/Developer/Xcode/Archives/2025-11-10/Toss 10-11-2025, 11.57.xcarchive/Products/Applications/Toss.app/Contents/Frameworks/Sparkle.framework/Versions/B/XPCServices/Installer.xpc/Contents/MacOS/Installer'>', hardenedRuntime='1'>'>: {
}
2025-11-10 10:58:12 +0000  Associated App Clip Identifiers Filter: Skipping because "com.apple.developer.associated-appclip-app-identifiers" is not present
2025-11-10 10:58:12 +0000  Entitlements for <IDEDistributionItem: 0x600012da0300; bundleID='org.sparkle-project.InstallerLauncher', path='<DVTFilePath:0x600012c7e9a0:'/Users/jackdoherty/Library/Developer/Xcode/Archives/2025-11-10/Toss 10-11-2025, 11.57.xcarchive/Products/Applications/Toss.app/Contents/Frameworks/Sparkle.framework/Versions/B/XPCServices/Installer.xpc'>', codeSigningInfo='<_DVTCodeSigningInformation_Path: 0x6000129c3b10; isSigned='1', isAdHocSigned='1', signingCertificate='(null)', entitlements='{
}', teamID='(null)', identifier='org.sparkle-project.InstallerLauncher', executablePath='<DVTFilePath:0x600012c5bd20:'/Users/jackdoherty/Library/Developer/Xcode/Archives/2025-11-10/Toss 10-11-2025, 11.57.xcarchive/Products/Applications/Toss.app/Contents/Frameworks/Sparkle.framework/Versions/B/XPCServices/Installer.xpc/Contents/MacOS/Installer'>', hardenedRuntime='1'>'> are: {
}
2025-11-10 10:58:12 +0000  Writing entitlements for <IDEDistributionItem: 0x600012da0300; bundleID='org.sparkle-project.InstallerLauncher', path='<DVTFilePath:0x600012c7e9a0:'/Users/jackdoherty/Library/Developer/Xcode/Archives/2025-11-10/Toss 10-11-2025, 11.57.xcarchive/Products/Applications/Toss.app/Contents/Frameworks/Sparkle.framework/Versions/B/XPCServices/Installer.xpc'>', codeSigningInfo='<_DVTCodeSigningInformation_Path: 0x6000129c3b10; isSigned='1', isAdHocSigned='1', signingCertificate='(null)', entitlements='{
}', teamID='(null)', identifier='org.sparkle-project.InstallerLauncher', executablePath='<DVTFilePath:0x600012c5bd20:'/Users/jackdoherty/Library/Developer/Xcode/Archives/2025-11-10/Toss 10-11-2025, 11.57.xcarchive/Products/Applications/Toss.app/Contents/Frameworks/Sparkle.framework/Versions/B/XPCServices/Installer.xpc/Contents/MacOS/Installer'>', hardenedRuntime='1'>'> to: /var/folders/mk/ggx9bm41797703wdfmql86pr0000gn/T/XcodeDistPipeline.~~~4MAPCP/entitlements~~~8cfL3m
2025-11-10 10:58:12 +0000  invoking codesign: <NSConcreteTask: 0x6000129c0cd0; launchPath='/usr/bin/codesign', arguments='(
    "-f",
    "-s",
    2F39108836C7D68B9317DDB755A96B77A99E6D47,
    "--entitlements",
    "/var/folders/mk/ggx9bm41797703wdfmql86pr0000gn/T/XcodeDistPipeline.~~~4MAPCP/entitlements~~~8cfL3m",
    "--requirements",
    "=designated => anchor apple generic  and identifier \"$self.identifier\" and ((cert leaf[field.1.2.840.113635.100.6.1.9] exists) or ( certificate 1[field.1.2.840.113635.100.6.2.6] exists and certificate leaf[field.1.2.840.113635.100.6.1.13] exists  and certificate leaf[subject.OU] = \"BZZ744Q3KB\" ))",
    "--preserve-metadata=identifier,flags,runtime",
    "--generate-entitlement-der",
    "--strip-disallowed-xattrs",
    "-vvv",
    "/var/folders/mk/ggx9bm41797703wdfmql86pr0000gn/T/XcodeDistPipeline.~~~4MAPCP/Root/Applications/Toss.app/Contents/Frameworks/Sparkle.framework/Versions/B/XPCServices/Installer.xpc"
)'>
2025-11-10 10:58:12 +0000  codesign output: /var/folders/mk/ggx9bm41797703wdfmql86pr0000gn/T/XcodeDistPipeline.~~~4MAPCP/Root/Applications/Toss.app/Contents/Frameworks/Sparkle.framework/Versions/B/XPCServices/Installer.xpc: replacing existing signature
/var/folders/mk/ggx9bm41797703wdfmql86pr0000gn/T/XcodeDistPipeline.~~~4MAPCP/Root/Applications/Toss.app/Contents/Frameworks/Sparkle.framework/Versions/B/XPCServices/Installer.xpc: signed bundle with Mach-O universal (x86_64 arm64) [org.sparkle-project.InstallerLauncher]
2025-11-10 10:58:12 +0000  Entitlements for <IDEDistributionItem: 0x600012da0720; bundleID='(null)', path='<DVTFilePath:0x600012c68a80:'/Users/jackdoherty/Library/Developer/Xcode/Archives/2025-11-10/Toss 10-11-2025, 11.57.xcarchive/Products/Applications/Toss.app/Contents/Frameworks/Sparkle.framework/Versions/B/Autoupdate'>', codeSigningInfo='<_DVTCodeSigningInformation_Path: 0x6000129e81e0; isSigned='1', isAdHocSigned='1', signingCertificate='(null)', entitlements='{
    "com.apple.application-identifier" = "org.sparkle-project.Sparkle.Autoupdate";
}', teamID='(null)', identifier='Autoupdate-5555494459251b2ebc0232c783a3e31c4a4e4056', executablePath='<DVTFilePath:0x600012c68a80:'/Users/jackdoherty/Library/Developer/Xcode/Archives/2025-11-10/Toss 10-11-2025, 11.57.xcarchive/Products/Applications/Toss.app/Contents/Frameworks/Sparkle.framework/Versions/B/Autoupdate'>', hardenedRuntime='1'>'>: {
    "com.apple.application-identifier" = "org.sparkle-project.Sparkle.Autoupdate";
}
2025-11-10 10:58:12 +0000  Associated App Clip Identifiers Filter: Skipping because "com.apple.developer.associated-appclip-app-identifiers" is not present
2025-11-10 10:58:12 +0000  Entitlements for <IDEDistributionItem: 0x600012da0720; bundleID='(null)', path='<DVTFilePath:0x600012c68a80:'/Users/jackdoherty/Library/Developer/Xcode/Archives/2025-11-10/Toss 10-11-2025, 11.57.xcarchive/Products/Applications/Toss.app/Contents/Frameworks/Sparkle.framework/Versions/B/Autoupdate'>', codeSigningInfo='<_DVTCodeSigningInformation_Path: 0x6000129e81e0; isSigned='1', isAdHocSigned='1', signingCertificate='(null)', entitlements='{
    "com.apple.application-identifier" = "org.sparkle-project.Sparkle.Autoupdate";
}', teamID='(null)', identifier='Autoupdate-5555494459251b2ebc0232c783a3e31c4a4e4056', executablePath='<DVTFilePath:0x600012c68a80:'/Users/jackdoherty/Library/Developer/Xcode/Archives/2025-11-10/Toss 10-11-2025, 11.57.xcarchive/Products/Applications/Toss.app/Contents/Frameworks/Sparkle.framework/Versions/B/Autoupdate'>', hardenedRuntime='1'>'> are: {
    "com.apple.application-identifier" = "org.sparkle-project.Sparkle.Autoupdate";
}
2025-11-10 10:58:12 +0000  Writing entitlements for <IDEDistributionItem: 0x600012da0720; bundleID='(null)', path='<DVTFilePath:0x600012c68a80:'/Users/jackdoherty/Library/Developer/Xcode/Archives/2025-11-10/Toss 10-11-2025, 11.57.xcarchive/Products/Applications/Toss.app/Contents/Frameworks/Sparkle.framework/Versions/B/Autoupdate'>', codeSigningInfo='<_DVTCodeSigningInformation_Path: 0x6000129e81e0; isSigned='1', isAdHocSigned='1', signingCertificate='(null)', entitlements='{
    "com.apple.application-identifier" = "org.sparkle-project.Sparkle.Autoupdate";
}', teamID='(null)', identifier='Autoupdate-5555494459251b2ebc0232c783a3e31c4a4e4056', executablePath='<DVTFilePath:0x600012c68a80:'/Users/jackdoherty/Library/Developer/Xcode/Archives/2025-11-10/Toss 10-11-2025, 11.57.xcarchive/Products/Applications/Toss.app/Contents/Frameworks/Sparkle.framework/Versions/B/Autoupdate'>', hardenedRuntime='1'>'> to: /var/folders/mk/ggx9bm41797703wdfmql86pr0000gn/T/XcodeDistPipeline.~~~4MAPCP/entitlements~~~EkwAKQ
2025-11-10 10:58:12 +0000  invoking codesign: <NSConcreteTask: 0x60000ee2ec60; launchPath='/usr/bin/codesign', arguments='(
    "-f",
    "-s",
    2F39108836C7D68B9317DDB755A96B77A99E6D47,
    "--entitlements",
    "/var/folders/mk/ggx9bm41797703wdfmql86pr0000gn/T/XcodeDistPipeline.~~~4MAPCP/entitlements~~~EkwAKQ",
    "--requirements",
    "=designated => anchor apple generic  and identifier \"$self.identifier\" and ((cert leaf[field.1.2.840.113635.100.6.1.9] exists) or ( certificate 1[field.1.2.840.113635.100.6.2.6] exists and certificate leaf[field.1.2.840.113635.100.6.1.13] exists  and certificate leaf[subject.OU] = \"BZZ744Q3KB\" ))",
    "--preserve-metadata=identifier,flags,runtime",
    "--generate-entitlement-der",
    "--strip-disallowed-xattrs",
    "-vvv",
    "/var/folders/mk/ggx9bm41797703wdfmql86pr0000gn/T/XcodeDistPipeline.~~~4MAPCP/Root/Applications/Toss.app/Contents/Frameworks/Sparkle.framework/Versions/B/Autoupdate"
)'>
2025-11-10 10:58:12 +0000  codesign output: /var/folders/mk/ggx9bm41797703wdfmql86pr0000gn/T/XcodeDistPipeline.~~~4MAPCP/Root/Applications/Toss.app/Contents/Frameworks/Sparkle.framework/Versions/B/Autoupdate: replacing existing signature
/var/folders/mk/ggx9bm41797703wdfmql86pr0000gn/T/XcodeDistPipeline.~~~4MAPCP/Root/Applications/Toss.app/Contents/Frameworks/Sparkle.framework/Versions/B/Autoupdate: signed Mach-O universal (x86_64 arm64) [Autoupdate-5555494459251b2ebc0232c783a3e31c4a4e4056]
2025-11-10 10:58:12 +0000  Entitlements for <IDEDistributionItem: 0x600012dbff00; bundleID='org.sparkle-project.Sparkle.Updater', path='<DVTFilePath:0x600012c6b9c0:'/Users/jackdoherty/Library/Developer/Xcode/Archives/2025-11-10/Toss 10-11-2025, 11.57.xcarchive/Products/Applications/Toss.app/Contents/Frameworks/Sparkle.framework/Versions/B/Updater.app'>', codeSigningInfo='<_DVTCodeSigningInformation_Path: 0x6000129c0550; isSigned='1', isAdHocSigned='1', signingCertificate='(null)', entitlements='{
}', teamID='(null)', identifier='org.sparkle-project.Sparkle.Updater', executablePath='<DVTFilePath:0x600012c687e0:'/Users/jackdoherty/Library/Developer/Xcode/Archives/2025-11-10/Toss 10-11-2025, 11.57.xcarchive/Products/Applications/Toss.app/Contents/Frameworks/Sparkle.framework/Versions/B/Updater.app/Contents/MacOS/Updater'>', hardenedRuntime='1'>'>: {
}
2025-11-10 10:58:12 +0000  Associated App Clip Identifiers Filter: Skipping because "com.apple.developer.associated-appclip-app-identifiers" is not present
2025-11-10 10:58:12 +0000  Entitlements for <IDEDistributionItem: 0x600012dbff00; bundleID='org.sparkle-project.Sparkle.Updater', path='<DVTFilePath:0x600012c6b9c0:'/Users/jackdoherty/Library/Developer/Xcode/Archives/2025-11-10/Toss 10-11-2025, 11.57.xcarchive/Products/Applications/Toss.app/Contents/Frameworks/Sparkle.framework/Versions/B/Updater.app'>', codeSigningInfo='<_DVTCodeSigningInformation_Path: 0x6000129c0550; isSigned='1', isAdHocSigned='1', signingCertificate='(null)', entitlements='{
}', teamID='(null)', identifier='org.sparkle-project.Sparkle.Updater', executablePath='<DVTFilePath:0x600012c687e0:'/Users/jackdoherty/Library/Developer/Xcode/Archives/2025-11-10/Toss 10-11-2025, 11.57.xcarchive/Products/Applications/Toss.app/Contents/Frameworks/Sparkle.framework/Versions/B/Updater.app/Contents/MacOS/Updater'>', hardenedRuntime='1'>'> are: {
}
2025-11-10 10:58:12 +0000  Writing entitlements for <IDEDistributionItem: 0x600012dbff00; bundleID='org.sparkle-project.Sparkle.Updater', path='<DVTFilePath:0x600012c6b9c0:'/Users/jackdoherty/Library/Developer/Xcode/Archives/2025-11-10/Toss 10-11-2025, 11.57.xcarchive/Products/Applications/Toss.app/Contents/Frameworks/Sparkle.framework/Versions/B/Updater.app'>', codeSigningInfo='<_DVTCodeSigningInformation_Path: 0x6000129c0550; isSigned='1', isAdHocSigned='1', signingCertificate='(null)', entitlements='{
}', teamID='(null)', identifier='org.sparkle-project.Sparkle.Updater', executablePath='<DVTFilePath:0x600012c687e0:'/Users/jackdoherty/Library/Developer/Xcode/Archives/2025-11-10/Toss 10-11-2025, 11.57.xcarchive/Products/Applications/Toss.app/Contents/Frameworks/Sparkle.framework/Versions/B/Updater.app/Contents/MacOS/Updater'>', hardenedRuntime='1'>'> to: /var/folders/mk/ggx9bm41797703wdfmql86pr0000gn/T/XcodeDistPipeline.~~~4MAPCP/entitlements~~~YJKOn0
2025-11-10 10:58:12 +0000  invoking codesign: <NSConcreteTask: 0x60000ee2f2a0; launchPath='/usr/bin/codesign', arguments='(
    "-f",
    "-s",
    2F39108836C7D68B9317DDB755A96B77A99E6D47,
    "--entitlements",
    "/var/folders/mk/ggx9bm41797703wdfmql86pr0000gn/T/XcodeDistPipeline.~~~4MAPCP/entitlements~~~YJKOn0",
    "--requirements",
    "=designated => anchor apple generic  and identifier \"$self.identifier\" and ((cert leaf[field.1.2.840.113635.100.6.1.9] exists) or ( certificate 1[field.1.2.840.113635.100.6.2.6] exists and certificate leaf[field.1.2.840.113635.100.6.1.13] exists  and certificate leaf[subject.OU] = \"BZZ744Q3KB\" ))",
    "--preserve-metadata=identifier,flags,runtime",
    "--generate-entitlement-der",
    "--strip-disallowed-xattrs",
    "-vvv",
    "/var/folders/mk/ggx9bm41797703wdfmql86pr0000gn/T/XcodeDistPipeline.~~~4MAPCP/Root/Applications/Toss.app/Contents/Frameworks/Sparkle.framework/Versions/B/Updater.app"
)'>
2025-11-10 10:58:13 +0000  codesign output: /var/folders/mk/ggx9bm41797703wdfmql86pr0000gn/T/XcodeDistPipeline.~~~4MAPCP/Root/Applications/Toss.app/Contents/Frameworks/Sparkle.framework/Versions/B/Updater.app: replacing existing signature
/var/folders/mk/ggx9bm41797703wdfmql86pr0000gn/T/XcodeDistPipeline.~~~4MAPCP/Root/Applications/Toss.app/Contents/Frameworks/Sparkle.framework/Versions/B/Updater.app: signed app bundle with Mach-O universal (x86_64 arm64) [org.sparkle-project.Sparkle.Updater]
2025-11-10 10:58:13 +0000  Entitlements for <IDEDistributionItem: 0x600012dbe580; bundleID='org.sparkle-project.Sparkle', path='<DVTFilePath:0x60000eded8c0:'/Users/jackdoherty/Library/Developer/Xcode/Archives/2025-11-10/Toss 10-11-2025, 11.57.xcarchive/Products/Applications/Toss.app/Contents/Frameworks/Sparkle.framework/Versions/B'>', codeSigningInfo='<_DVTCodeSigningInformation_Path: 0x6000129c0eb0; isSigned='1', isAdHocSigned='0', signingCertificate='<DVTSigningCertificate: 0x600007d68b40; name='Developer ID Application: Jack Doherty (BZZ744Q3KB)', hash='2F39108836C7D68B9317DDB755A96B77A99E6D47', serialNumber='445B247FF36BF205', certificateKinds='(
    "1.2.840.113635.100.6.1.13"
), issueDate='2025-11-06 11:41:29 +0000''>', entitlements='(null)', teamID='BZZ744Q3KB', identifier='org.sparkle-project.Sparkle', executablePath='<DVTFilePath:0x600012c6b000:'/Users/jackdoherty/Library/Developer/Xcode/Archives/2025-11-10/Toss 10-11-2025, 11.57.xcarchive/Products/Applications/Toss.app/Contents/Frameworks/Sparkle.framework/Versions/B/Sparkle'>', hardenedRuntime='1'>'>: {
}
2025-11-10 10:58:13 +0000  Associated App Clip Identifiers Filter: Skipping because "com.apple.developer.associated-appclip-app-identifiers" is not present
2025-11-10 10:58:13 +0000  Entitlements for <IDEDistributionItem: 0x600012dbe580; bundleID='org.sparkle-project.Sparkle', path='<DVTFilePath:0x60000eded8c0:'/Users/jackdoherty/Library/Developer/Xcode/Archives/2025-11-10/Toss 10-11-2025, 11.57.xcarchive/Products/Applications/Toss.app/Contents/Frameworks/Sparkle.framework/Versions/B'>', codeSigningInfo='<_DVTCodeSigningInformation_Path: 0x6000129c0eb0; isSigned='1', isAdHocSigned='0', signingCertificate='<DVTSigningCertificate: 0x600007d68900; name='Developer ID Application: Jack Doherty (BZZ744Q3KB)', hash='2F39108836C7D68B9317DDB755A96B77A99E6D47', serialNumber='445B247FF36BF205', certificateKinds='(
    "1.2.840.113635.100.6.1.13"
), issueDate='2025-11-06 11:41:29 +0000''>', entitlements='(null)', teamID='BZZ744Q3KB', identifier='org.sparkle-project.Sparkle', executablePath='<DVTFilePath:0x600012c6b000:'/Users/jackdoherty/Library/Developer/Xcode/Archives/2025-11-10/Toss 10-11-2025, 11.57.xcarchive/Products/Applications/Toss.app/Contents/Frameworks/Sparkle.framework/Versions/B/Sparkle'>', hardenedRuntime='1'>'> are: {
}
2025-11-10 10:58:13 +0000  Writing entitlements for <IDEDistributionItem: 0x600012dbe580; bundleID='org.sparkle-project.Sparkle', path='<DVTFilePath:0x60000eded8c0:'/Users/jackdoherty/Library/Developer/Xcode/Archives/2025-11-10/Toss 10-11-2025, 11.57.xcarchive/Products/Applications/Toss.app/Contents/Frameworks/Sparkle.framework/Versions/B'>', codeSigningInfo='<_DVTCodeSigningInformation_Path: 0x6000129c0eb0; isSigned='1', isAdHocSigned='0', signingCertificate='<DVTSigningCertificate: 0x600007d6a7c0; name='Developer ID Application: Jack Doherty (BZZ744Q3KB)', hash='2F39108836C7D68B9317DDB755A96B77A99E6D47', serialNumber='445B247FF36BF205', certificateKinds='(
    "1.2.840.113635.100.6.1.13"
), issueDate='2025-11-06 11:41:29 +0000''>', entitlements='(null)', teamID='BZZ744Q3KB', identifier='org.sparkle-project.Sparkle', executablePath='<DVTFilePath:0x600012c6b000:'/Users/jackdoherty/Library/Developer/Xcode/Archives/2025-11-10/Toss 10-11-2025, 11.57.xcarchive/Products/Applications/Toss.app/Contents/Frameworks/Sparkle.framework/Versions/B/Sparkle'>', hardenedRuntime='1'>'> to: /var/folders/mk/ggx9bm41797703wdfmql86pr0000gn/T/XcodeDistPipeline.~~~4MAPCP/entitlements~~~H03pEy
2025-11-10 10:58:13 +0000  invoking codesign: <NSConcreteTask: 0x60001283be80; launchPath='/usr/bin/codesign', arguments='(
    "-f",
    "-s",
    2F39108836C7D68B9317DDB755A96B77A99E6D47,
    "--entitlements",
    "/var/folders/mk/ggx9bm41797703wdfmql86pr0000gn/T/XcodeDistPipeline.~~~4MAPCP/entitlements~~~H03pEy",
    "--requirements",
    "=designated => anchor apple generic  and identifier \"$self.identifier\" and ((cert leaf[field.1.2.840.113635.100.6.1.9] exists) or ( certificate 1[field.1.2.840.113635.100.6.2.6] exists and certificate leaf[field.1.2.840.113635.100.6.1.13] exists  and certificate leaf[subject.OU] = \"BZZ744Q3KB\" ))",
    "--preserve-metadata=identifier,flags,runtime",
    "--generate-entitlement-der",
    "--strip-disallowed-xattrs",
    "-vvv",
    "/var/folders/mk/ggx9bm41797703wdfmql86pr0000gn/T/XcodeDistPipeline.~~~4MAPCP/Root/Applications/Toss.app/Contents/Frameworks/Sparkle.framework/Versions/B"
)'>
2025-11-10 10:58:13 +0000  codesign output: /var/folders/mk/ggx9bm41797703wdfmql86pr0000gn/T/XcodeDistPipeline.~~~4MAPCP/Root/Applications/Toss.app/Contents/Frameworks/Sparkle.framework/Versions/B: replacing existing signature
/var/folders/mk/ggx9bm41797703wdfmql86pr0000gn/T/XcodeDistPipeline.~~~4MAPCP/Root/Applications/Toss.app/Contents/Frameworks/Sparkle.framework/Versions/B: signed bundle with Mach-O universal (x86_64 arm64) [org.sparkle-project.Sparkle]
2025-11-10 10:58:13 +0000  Entitlements for <IDEDistributionItem: 0x600012d80c60; bundleID='ai.jack.Toss', path='<DVTFilePath:0x600012c68000:'/Users/jackdoherty/Library/Developer/Xcode/Archives/2025-11-10/Toss 10-11-2025, 11.57.xcarchive/Products/Applications/Toss.app'>', codeSigningInfo='<_DVTCodeSigningInformation_Path: 0x6000129c10e0; isSigned='1', isAdHocSigned='0', signingCertificate='<DVTSigningCertificate: 0x600007d68900; name='Developer ID Application: Jack Doherty (BZZ744Q3KB)', hash='2F39108836C7D68B9317DDB755A96B77A99E6D47', serialNumber='445B247FF36BF205', certificateKinds='(
    "1.2.840.113635.100.6.1.13"
), issueDate='2025-11-06 11:41:29 +0000''>', entitlements='{
    "com.apple.security.cs.disable-library-validation" = 1;
    "com.apple.security.device.audio-input" = 1;
}', teamID='BZZ744Q3KB', identifier='ai.jack.Toss', executablePath='<DVTFilePath:0x600012c48a80:'/Users/jackdoherty/Library/Developer/Xcode/Archives/2025-11-10/Toss 10-11-2025, 11.57.xcarchive/Products/Applications/Toss.app/Contents/MacOS/Toss'>', hardenedRuntime='1'>'>: {
    "com.apple.security.cs.disable-library-validation" = 1;
    "com.apple.security.device.audio-input" = 1;
}
2025-11-10 10:58:13 +0000  Associated App Clip Identifiers Filter: Skipping because "com.apple.developer.associated-appclip-app-identifiers" is not present
2025-11-10 10:58:13 +0000  Entitlements for <IDEDistributionItem: 0x600012d80c60; bundleID='ai.jack.Toss', path='<DVTFilePath:0x600012c68000:'/Users/jackdoherty/Library/Developer/Xcode/Archives/2025-11-10/Toss 10-11-2025, 11.57.xcarchive/Products/Applications/Toss.app'>', codeSigningInfo='<_DVTCodeSigningInformation_Path: 0x6000129c10e0; isSigned='1', isAdHocSigned='0', signingCertificate='<DVTSigningCertificate: 0x600003227cc0; name='Developer ID Application: Jack Doherty (BZZ744Q3KB)', hash='2F39108836C7D68B9317DDB755A96B77A99E6D47', serialNumber='445B247FF36BF205', certificateKinds='(
    "1.2.840.113635.100.6.1.13"
), issueDate='2025-11-06 11:41:29 +0000''>', entitlements='{
    "com.apple.security.cs.disable-library-validation" = 1;
    "com.apple.security.device.audio-input" = 1;
}', teamID='BZZ744Q3KB', identifier='ai.jack.Toss', executablePath='<DVTFilePath:0x600012c48a80:'/Users/jackdoherty/Library/Developer/Xcode/Archives/2025-11-10/Toss 10-11-2025, 11.57.xcarchive/Products/Applications/Toss.app/Contents/MacOS/Toss'>', hardenedRuntime='1'>'> are: {
    "com.apple.security.cs.disable-library-validation" = 1;
    "com.apple.security.device.audio-input" = 1;
}
2025-11-10 10:58:13 +0000  Writing entitlements for <IDEDistributionItem: 0x600012d80c60; bundleID='ai.jack.Toss', path='<DVTFilePath:0x600012c68000:'/Users/jackdoherty/Library/Developer/Xcode/Archives/2025-11-10/Toss 10-11-2025, 11.57.xcarchive/Products/Applications/Toss.app'>', codeSigningInfo='<_DVTCodeSigningInformation_Path: 0x6000129c10e0; isSigned='1', isAdHocSigned='0', signingCertificate='<DVTSigningCertificate: 0x600003225140; name='Developer ID Application: Jack Doherty (BZZ744Q3KB)', hash='2F39108836C7D68B9317DDB755A96B77A99E6D47', serialNumber='445B247FF36BF205', certificateKinds='(
    "1.2.840.113635.100.6.1.13"
), issueDate='2025-11-06 11:41:29 +0000''>', entitlements='{
    "com.apple.security.cs.disable-library-validation" = 1;
    "com.apple.security.device.audio-input" = 1;
}', teamID='BZZ744Q3KB', identifier='ai.jack.Toss', executablePath='<DVTFilePath:0x600012c48a80:'/Users/jackdoherty/Library/Developer/Xcode/Archives/2025-11-10/Toss 10-11-2025, 11.57.xcarchive/Products/Applications/Toss.app/Contents/MacOS/Toss'>', hardenedRuntime='1'>'> to: /var/folders/mk/ggx9bm41797703wdfmql86pr0000gn/T/XcodeDistPipeline.~~~4MAPCP/entitlements~~~xYU0R5
2025-11-10 10:58:13 +0000  invoking codesign: <NSConcreteTask: 0x6000129cd180; launchPath='/usr/bin/codesign', arguments='(
    "-f",
    "-s",
    2F39108836C7D68B9317DDB755A96B77A99E6D47,
    "--entitlements",
    "/var/folders/mk/ggx9bm41797703wdfmql86pr0000gn/T/XcodeDistPipeline.~~~4MAPCP/entitlements~~~xYU0R5",
    "--requirements",
    "=designated => anchor apple generic  and identifier \"$self.identifier\" and ((cert leaf[field.1.2.840.113635.100.6.1.9] exists) or ( certificate 1[field.1.2.840.113635.100.6.2.6] exists and certificate leaf[field.1.2.840.113635.100.6.1.13] exists  and certificate leaf[subject.OU] = \"BZZ744Q3KB\" ))",
    "--preserve-metadata=identifier,flags,runtime",
    "--generate-entitlement-der",
    "--strip-disallowed-xattrs",
    "-vvv",
    "/var/folders/mk/ggx9bm41797703wdfmql86pr0000gn/T/XcodeDistPipeline.~~~4MAPCP/Root/Applications/Toss.app"
)'>
2025-11-10 10:58:14 +0000  codesign output: /var/folders/mk/ggx9bm41797703wdfmql86pr0000gn/T/XcodeDistPipeline.~~~4MAPCP/Root/Applications/Toss.app: replacing existing signature
/var/folders/mk/ggx9bm41797703wdfmql86pr0000gn/T/XcodeDistPipeline.~~~4MAPCP/Root/Applications/Toss.app: signed bundle with Mach-O universal (x86_64 arm64) [ai.jack.Toss]
2025-11-10 10:58:14 +0000  Processing step: IDEDistributionZipODRItemStep
2025-11-10 10:58:14 +0000  Skipping step: IDEDistributionZipODRItemStep because it said so
2025-11-10 10:58:14 +0000  Skipping step: IDEDistributionZipODRItemStep because it said so
2025-11-10 10:58:14 +0000  Skipping step: IDEDistributionZipODRItemStep because it said so
2025-11-10 10:58:14 +0000  Skipping step: IDEDistributionZipODRItemStep because it said so
2025-11-10 10:58:14 +0000  Skipping step: IDEDistributionZipODRItemStep because it said so
2025-11-10 10:58:14 +0000  Skipping step: IDEDistributionZipODRItemStep because it said so
2025-11-10 10:58:14 +0000  Processing step: IDEDistributionSkipPackagingStep
2025-11-10 10:58:14 +0000  Processing step: IDEDistributionAppStoreInformationStep
2025-11-10 10:58:14 +0000  Skipping step: IDEDistributionAppStoreInformationStep because it said so
2025-11-10 10:58:14 +0000  Processing step: IDEDistributionGenerateProcessedDistributionItems
2025-11-10 10:58:14 +0000  IDEDistributionItem init <DVTFilePath:0x600012c49860:'/var/folders/mk/ggx9bm41797703wdfmql86pr0000gn/T/XcodeDistPipeline.~~~4MAPCP/Root/Applications/Toss.app/Contents/Frameworks/Sparkle.framework/Versions/B/XPCServices/Downloader.xpc'>
2025-11-10 10:58:14 +0000  [OPTIONAL] Didn't find embedded provisioning profile for <DVTFilePath:0x600012c49860:'/var/folders/mk/ggx9bm41797703wdfmql86pr0000gn/T/XcodeDistPipeline.~~~4MAPCP/Root/Applications/Toss.app/Contents/Frameworks/Sparkle.framework/Versions/B/XPCServices/Downloader.xpc'>: Error Domain=NSCocoaErrorDomain Code=4 "No file at <DVTFilePath:0x60000e049570:'/var/folders/mk/ggx9bm41797703wdfmql86pr0000gn/T/XcodeDistPipeline.~~~4MAPCP/Root/Applications/Toss.app/Contents/Frameworks/Sparkle.framework/Versions/B/XPCServices/Downloader.xpc/Contents/embedded.provisionprofile'>" UserInfo={NSLocalizedDescription=No file at <DVTFilePath:0x60000e049570:'/var/folders/mk/ggx9bm41797703wdfmql86pr0000gn/T/XcodeDistPipeline.~~~4MAPCP/Root/Applications/Toss.app/Contents/Frameworks/Sparkle.framework/Versions/B/XPCServices/Downloader.xpc/Contents/embedded.provisionprofile'>}
2025-11-10 10:58:14 +0000  IDEDistributionItem init <DVTFilePath:0x600012c4b540:'/var/folders/mk/ggx9bm41797703wdfmql86pr0000gn/T/XcodeDistPipeline.~~~4MAPCP/Root/Applications/Toss.app/Contents/Frameworks/Sparkle.framework/Versions/B/XPCServices/Installer.xpc'>
2025-11-10 10:58:14 +0000  [OPTIONAL] Didn't find embedded provisioning profile for <DVTFilePath:0x600012c4b540:'/var/folders/mk/ggx9bm41797703wdfmql86pr0000gn/T/XcodeDistPipeline.~~~4MAPCP/Root/Applications/Toss.app/Contents/Frameworks/Sparkle.framework/Versions/B/XPCServices/Installer.xpc'>: Error Domain=NSCocoaErrorDomain Code=4 "No file at <DVTFilePath:0x60000e048690:'/var/folders/mk/ggx9bm41797703wdfmql86pr0000gn/T/XcodeDistPipeline.~~~4MAPCP/Root/Applications/Toss.app/Contents/Frameworks/Sparkle.framework/Versions/B/XPCServices/Installer.xpc/Contents/embedded.provisionprofile'>" UserInfo={NSLocalizedDescription=No file at <DVTFilePath:0x60000e048690:'/var/folders/mk/ggx9bm41797703wdfmql86pr0000gn/T/XcodeDistPipeline.~~~4MAPCP/Root/Applications/Toss.app/Contents/Frameworks/Sparkle.framework/Versions/B/XPCServices/Installer.xpc/Contents/embedded.provisionprofile'>}
2025-11-10 10:58:14 +0000  IDEDistributionItem init <DVTFilePath:0x600012db8de0:'/var/folders/mk/ggx9bm41797703wdfmql86pr0000gn/T/XcodeDistPipeline.~~~4MAPCP/Root/Applications/Toss.app/Contents/Frameworks/Sparkle.framework/Versions/B/Updater.app'>
2025-11-10 10:58:14 +0000  [OPTIONAL] Didn't find embedded provisioning profile for <DVTFilePath:0x600012db8de0:'/var/folders/mk/ggx9bm41797703wdfmql86pr0000gn/T/XcodeDistPipeline.~~~4MAPCP/Root/Applications/Toss.app/Contents/Frameworks/Sparkle.framework/Versions/B/Updater.app'>: Error Domain=NSCocoaErrorDomain Code=4 "No file at <DVTFilePath:0x60000e051e30:'/var/folders/mk/ggx9bm41797703wdfmql86pr0000gn/T/XcodeDistPipeline.~~~4MAPCP/Root/Applications/Toss.app/Contents/Frameworks/Sparkle.framework/Versions/B/Updater.app/Contents/embedded.provisionprofile'>" UserInfo={NSLocalizedDescription=No file at <DVTFilePath:0x60000e051e30:'/var/folders/mk/ggx9bm41797703wdfmql86pr0000gn/T/XcodeDistPipeline.~~~4MAPCP/Root/Applications/Toss.app/Contents/Frameworks/Sparkle.framework/Versions/B/Updater.app/Contents/embedded.provisionprofile'>}
2025-11-10 10:58:14 +0000  IDEDistributionItem init <DVTFilePath:0x600012db9080:'/var/folders/mk/ggx9bm41797703wdfmql86pr0000gn/T/XcodeDistPipeline.~~~4MAPCP/Root/Applications/Toss.app/Contents/Frameworks/Sparkle.framework/Versions/B/Autoupdate'>
2025-11-10 10:58:14 +0000  [OPTIONAL] Didn't find info dictionary for <DVTFilePath:0x600012db9080:'/var/folders/mk/ggx9bm41797703wdfmql86pr0000gn/T/XcodeDistPipeline.~~~4MAPCP/Root/Applications/Toss.app/Contents/Frameworks/Sparkle.framework/Versions/B/Autoupdate'>: Error Domain=DVTFoundationNSBundleAdditionsErrorDomain Code=1 "Couldn't load Info dictionary for <DVTFilePath:0x600012db9080:'/var/folders/mk/ggx9bm41797703wdfmql86pr0000gn/T/XcodeDistPipeline.~~~4MAPCP/Root/Applications/Toss.app/Contents/Frameworks/Sparkle.framework/Versions/B/Autoupdate'>" UserInfo={NSLocalizedDescription=Couldn't load Info dictionary for <DVTFilePath:0x600012db9080:'/var/folders/mk/ggx9bm41797703wdfmql86pr0000gn/T/XcodeDistPipeline.~~~4MAPCP/Root/Applications/Toss.app/Contents/Frameworks/Sparkle.framework/Versions/B/Autoupdate'>}
2025-11-10 10:58:14 +0000  [OPTIONAL] Can't have a profile, not a bundle at <DVTFilePath:0x600012db9080:'/var/folders/mk/ggx9bm41797703wdfmql86pr0000gn/T/XcodeDistPipeline.~~~4MAPCP/Root/Applications/Toss.app/Contents/Frameworks/Sparkle.framework/Versions/B/Autoupdate'>
2025-11-10 10:58:14 +0000  IDEDistributionItem init <DVTFilePath:0x600012c49440:'/var/folders/mk/ggx9bm41797703wdfmql86pr0000gn/T/XcodeDistPipeline.~~~4MAPCP/Root/Applications/Toss.app/Contents/Frameworks/Sparkle.framework/Versions/B'>
2025-11-10 10:58:14 +0000  IDEDistributionItem init <DVTFilePath:0x60000ed56e80:'/var/folders/mk/ggx9bm41797703wdfmql86pr0000gn/T/XcodeDistPipeline.~~~4MAPCP/Root/Applications/Toss.app'>
2025-11-10 10:58:14 +0000  [OPTIONAL] Didn't find embedded provisioning profile for <DVTFilePath:0x60000ed56e80:'/var/folders/mk/ggx9bm41797703wdfmql86pr0000gn/T/XcodeDistPipeline.~~~4MAPCP/Root/Applications/Toss.app'>: Error Domain=NSCocoaErrorDomain Code=4 "No file at <DVTFilePath:0x60000e0519d0:'/var/folders/mk/ggx9bm41797703wdfmql86pr0000gn/T/XcodeDistPipeline.~~~4MAPCP/Root/Applications/Toss.app/Contents/embedded.provisionprofile'>" UserInfo={NSLocalizedDescription=No file at <DVTFilePath:0x60000e0519d0:'/var/folders/mk/ggx9bm41797703wdfmql86pr0000gn/T/XcodeDistPipeline.~~~4MAPCP/Root/Applications/Toss.app/Contents/embedded.provisionprofile'>}
2025-11-10 10:58:14 +0000  Processing step: IDEDistributionCreateManifestStep
2025-11-10 10:58:14 +0000  Skipping step: IDEDistributionCreateManifestStep because it said so
